Using pre-set license
Built from '2020.3/staging' branch; Version is '2020.3.19f1 (68f137dc9bbe) revision 6877495'; Using compiler version '192528614'; Build Type 'Release'
OS: 'Windows 10 Pro; OS build 19044.1826; Version 2009; 64bit' Language: 'de' Physical Memory: 15720 MB
BatchMode: 1, IsHumanControllingUs: 0, StartBugReporterOnCrash: 0, Is64bit: 1, IsPro: 0

COMMAND LINE ARGUMENTS:
C:\Program Files\Unity\Hub\Editor\2020.3.19f1\Editor\Unity.exe
-adb2
-batchMode
-noUpm
-name
AssetImportWorker0
-projectPath
C:/Users/mochs/Projects Git/VRFraktale
-logFile
Logs/AssetImportWorker0.log
-srvPort
59480
Successfully changed project path to: C:/Users/mochs/Projects Git/VRFraktale
C:/Users/mochs/Projects Git/VRFraktale
Using Asset Import Pipeline V2.
Refreshing native plugins compatible for Editor in 78.85 ms, found 10 plugins.
Preloading 1 native plugins for Editor in 1.32 ms.
Initialize engine version: 2020.3.19f1 (68f137dc9bbe)
[Subsystems] Discovering subsystems at path C:/Program Files/Unity/Hub/Editor/2020.3.19f1/Editor/Data/Resources/UnitySubsystems
[Subsystems] Discovering subsystems at path C:/Users/mochs/Projects Git/VRFraktale/Assets
GfxDevice: creating device client; threaded=0
Direct3D:
    Version:  Direct3D 11.0 [level 11.1]
    Renderer: NVIDIA GeForce RTX 3060 Laptop GPU (ID=0x2560)
    Vendor:   
    VRAM:     6023 MB
    Driver:   30.0.15.1165
Initialize mono
Mono path[0] = 'C:/Program Files/Unity/Hub/Editor/2020.3.19f1/Editor/Data/Managed'
Mono path[1] = 'C:/Program Files/Unity/Hub/Editor/2020.3.19f1/Editor/Data/MonoBleedingEdge/lib/mono/unityjit'
Mono config path = 'C:/Program Files/Unity/Hub/Editor/2020.3.19f1/Editor/Data/MonoBleedingEdge/etc'
Using monoOptions --debugger-agent=transport=dt_socket,embedding=1,server=y,suspend=n,address=127.0.0.1:56484
Begin MonoManager ReloadAssembly
Registering precompiled unity dll's ...
Register platform support module: C:/Program Files/Unity/Hub/Editor/2020.3.19f1/Editor/Data/PlaybackEngines/WebGLSupport/UnityEditor.WebGL.Extensions.dll
Register platform support module: C:/Program Files/Unity/Hub/Editor/2020.3.19f1/Editor/Data/PlaybackEngines/WindowsStandaloneSupport/UnityEditor.WindowsStandalone.Extensions.dll
Registered in 0.002367 seconds.
Native extension for WindowsStandalone target not found
Native extension for WebGL target not found
Refreshing native plugins compatible for Editor in 61.05 ms, found 10 plugins.
Preloading 1 native plugins for Editor in 0.10 ms.
Mono: successfully reloaded assembly
- Completed reload, in  1.713 seconds
Domain Reload Profiling:
	ReloadAssembly (1713ms)
		BeginReloadAssembly (48ms)
			ExecutionOrderSort (0ms)
			DisableScriptedObjects (0ms)
			BackupInstance (0ms)
			ReleaseScriptingObjects (0ms)
			CreateAndSetChildDomain (1ms)
		EndReloadAssembly (380ms)
			LoadAssemblies (46ms)
			RebuildTransferFunctionScriptingTraits (0ms)
			SetupTypeCache (118ms)
			ReleaseScriptCaches (0ms)
			RebuildScriptCaches (22ms)
			SetupLoadedEditorAssemblies (174ms)
				LogAssemblyErrors (0ms)
				InitializePlatformSupportModulesInManaged (5ms)
				SetLoadedEditorAssemblies (0ms)
				RefreshPlugins (61ms)
				BeforeProcessingInitializeOnLoad (15ms)
				ProcessInitializeOnLoadAttributes (69ms)
				ProcessInitializeOnLoadMethodAttributes (24ms)
				AfterProcessingInitializeOnLoad (0ms)
				EditorAssembliesLoaded (0ms)
			ExecutionOrderSort2 (0ms)
			AwakeInstancesAfterBackupRestoration (0ms)
Platform modules already initialized, skipping
Registering precompiled user dll's ...
Registered in 0.007797 seconds.
Begin MonoManager ReloadAssembly
Native extension for WindowsStandalone target not found
Native extension for WebGL target not found
Refreshing native plugins compatible for Editor in 66.10 ms, found 10 plugins.
Preloading 1 native plugins for Editor in 0.08 ms.
[XR] OculusXRPlugin: registering subsystems
[XR] Unable to register display lifecyle provider: [1]
[XR] Oculus Input lifecycle provider registered.
[XR] Unable to register input lifecyle provider: [1]
System.Reflection.TargetInvocationException: Exception has been thrown by the target of an invocation. ---> System.NullReferenceException: Object reference not set to an instance of an object
  at Unity.XR.Oculus.OculusLoader.AssetPathToAbsolutePath (System.String assetPath) [0x00048] in C:\Users\mochs\Projects Git\VRFraktale\Library\PackageCache\com.unity.xr.oculus@1.10.0\Runtime\OculusLoader.cs:250 
  at Unity.XR.Oculus.OculusLoader.EditorLoadOVRPlugin () [0x0007b] in C:\Users\mochs\Projects Git\VRFraktale\Library\PackageCache\com.unity.xr.oculus@1.10.0\Runtime\OculusLoader.cs:235 
  at (wrapper managed-to-native) System.Reflection.MonoMethod.InternalInvoke(System.Reflection.MonoMethod,object,object[],System.Exception&)
  at System.Reflection.MonoMethod.Invoke (System.Object obj, System.Reflection.BindingFlags invokeAttr, System.Reflection.Binder binder, System.Object[] parameters, System.Globalization.CultureInfo culture) [0x00032] in <695d1cc93cca45069c528c15c9fdd749>:0 
   --- End of inner exception stack trace ---
  at System.Reflection.MonoMethod.Invoke (System.Object obj, System.Reflection.BindingFlags invokeAttr, System.Reflection.Binder binder, System.Object[] parameters, System.Globalization.CultureInfo culture) [0x00048] in <695d1cc93cca45069c528c15c9fdd749>:0 
  at System.Reflection.MethodBase.Invoke (System.Object obj, System.Object[] parameters) [0x00000] in <695d1cc93cca45069c528c15c9fdd749>:0 
  at UnityEditor.EditorAssemblies.ProcessInitializeOnLoadMethodAttributes () [0x00047] in <97ba64834c8f4edc84e3d8e30b04f122>:0 
UnityEngine.StackTraceUtility:ExtractStackTrace ()
UnityEngine.DebugLogHandler:LogFormat (UnityEngine.LogType,UnityEngine.Object,string,object[])
UnityEngine.Logger:Log (UnityEngine.LogType,object)
UnityEngine.Debug:LogError (object)
UnityEditor.EditorAssemblies:ProcessInitializeOnLoadMethodAttributes ()

Mono: successfully reloaded assembly
- Completed reload, in  1.261 seconds
Domain Reload Profiling:
	ReloadAssembly (1262ms)
		BeginReloadAssembly (125ms)
			ExecutionOrderSort (0ms)
			DisableScriptedObjects (5ms)
			BackupInstance (0ms)
			ReleaseScriptingObjects (0ms)
			CreateAndSetChildDomain (21ms)
		EndReloadAssembly (1080ms)
			LoadAssemblies (100ms)
			RebuildTransferFunctionScriptingTraits (0ms)
			SetupTypeCache (339ms)
			ReleaseScriptCaches (1ms)
			RebuildScriptCaches (53ms)
			SetupLoadedEditorAssemblies (464ms)
				LogAssemblyErrors (0ms)
				InitializePlatformSupportModulesInManaged (4ms)
				SetLoadedEditorAssemblies (0ms)
				RefreshPlugins (66ms)
				BeforeProcessingInitializeOnLoad (97ms)
				ProcessInitializeOnLoadAttributes (275ms)
				ProcessInitializeOnLoadMethodAttributes (14ms)
				AfterProcessingInitializeOnLoad (6ms)
				EditorAssembliesLoaded (0ms)
			ExecutionOrderSort2 (0ms)
			AwakeInstancesAfterBackupRestoration (5ms)
Platform modules already initialized, skipping
========================================================================
Worker process is ready to serve import requests
Launched and connected shader compiler UnityShaderCompiler.exe after 0.05 seconds
Refreshing native plugins compatible for Editor in 1.01 ms, found 10 plugins.
Preloading 1 native plugins for Editor in 0.10 ms.
Unloading 3790 Unused Serialized files (Serialized files now loaded: 0)
System memory in use before: 164.0 MB.
System memory in use after: 164.2 MB.

Unloading 39 unused Assets to reduce memory usage. Loaded Objects now: 4235.
Total: 6.570100 ms (FindLiveObjects: 0.875600 ms CreateObjectMapping: 0.416500 ms MarkObjects: 5.114200 ms  DeleteObjects: 0.162000 ms)

AssetImportParameters requested are different than current active one (requested -> active):
  custom:framework-win-MediaFoundation: 216162199b28c13a410421893ffa2e32 -> 
  custom:video-decoder-ogg-theora: a1e56fd34408186e4bbccfd4996cb3dc -> 
  custom:container-muxer-webm: aa71ff27fc2769a1b78a27578f13a17b -> 
  custom:container-demuxer-webm: 4f35f7cbe854078d1ac9338744f61a02 -> 
  custom:container-demuxer-ogg: 62fdf1f143b41e24485cea50d1cbac27 -> 
  custom:video-encoder-webm-vp8: eb34c28f22e8b96e1ab97ce403110664 -> 
  custom:video-codec-MediaFoundation-h265: 746d11721c4dcdbdad8f713fa42b33f4 -> 
  custom:video-decoder-webm-vp8: 9c59270c3fd7afecdb556c50c9e8de78 -> 
  custom:audio-decoder-ogg-vorbis: bf7c407c2cedff20999df2af8eb42d56 -> 
  custom:audio-encoder-webm-vorbis: bf7c407c2cedff20999df2af8eb42d56 -> 
========================================================================
Received Import Request.
  path: Assets/Fraktale/Canvas.prefab
  artifactKey: Guid(c4575a373591a254caa613e8b587b401) Importer(815301076,1909f56bfc062723c751e8b465ee728b)
Start importing Assets/Fraktale/Canvas.prefab using Guid(c4575a373591a254caa613e8b587b401) Importer(815301076,1909f56bfc062723c751e8b465ee728b)  -> (artifact id: '4c64954c0ae2d2a4f35320557a3e8114') in 0.202539 seconds 
  Import took 0.211297 seconds .

========================================================================
Received Prepare
Registering precompiled user dll's ...
Registered in 0.008923 seconds.
Begin MonoManager ReloadAssembly
Native extension for WindowsStandalone target not found
Native extension for WebGL target not found
Refreshing native plugins compatible for Editor in 1.26 ms, found 10 plugins.
Preloading 1 native plugins for Editor in 0.14 ms.
System.Reflection.TargetInvocationException: Exception has been thrown by the target of an invocation. ---> System.NullReferenceException: Object reference not set to an instance of an object
  at Unity.XR.Oculus.OculusLoader.AssetPathToAbsolutePath (System.String assetPath) [0x00048] in C:\Users\mochs\Projects Git\VRFraktale\Library\PackageCache\com.unity.xr.oculus@1.10.0\Runtime\OculusLoader.cs:250 
  at Unity.XR.Oculus.OculusLoader.EditorLoadOVRPlugin () [0x0007b] in C:\Users\mochs\Projects Git\VRFraktale\Library\PackageCache\com.unity.xr.oculus@1.10.0\Runtime\OculusLoader.cs:235 
  at (wrapper managed-to-native) System.Reflection.MonoMethod.InternalInvoke(System.Reflection.MonoMethod,object,object[],System.Exception&)
  at System.Reflection.MonoMethod.Invoke (System.Object obj, System.Reflection.BindingFlags invokeAttr, System.Reflection.Binder binder, System.Object[] parameters, System.Globalization.CultureInfo culture) [0x00032] in <695d1cc93cca45069c528c15c9fdd749>:0 
   --- End of inner exception stack trace ---
  at System.Reflection.MonoMethod.Invoke (System.Object obj, System.Reflection.BindingFlags invokeAttr, System.Reflection.Binder binder, System.Object[] parameters, System.Globalization.CultureInfo culture) [0x00048] in <695d1cc93cca45069c528c15c9fdd749>:0 
  at System.Reflection.MethodBase.Invoke (System.Object obj, System.Object[] parameters) [0x00000] in <695d1cc93cca45069c528c15c9fdd749>:0 
  at UnityEditor.EditorAssemblies.ProcessInitializeOnLoadMethodAttributes () [0x00047] in <97ba64834c8f4edc84e3d8e30b04f122>:0 
UnityEngine.StackTraceUtility:ExtractStackTrace ()
UnityEngine.DebugLogHandler:LogFormat (UnityEngine.LogType,UnityEngine.Object,string,object[])
UnityEngine.Logger:Log (UnityEngine.LogType,object)
UnityEngine.Debug:LogError (object)
UnityEditor.EditorAssemblies:ProcessInitializeOnLoadMethodAttributes ()

Mono: successfully reloaded assembly
- Completed reload, in  1.053 seconds
Domain Reload Profiling:
	ReloadAssembly (1053ms)
		BeginReloadAssembly (124ms)
			ExecutionOrderSort (0ms)
			DisableScriptedObjects (6ms)
			BackupInstance (0ms)
			ReleaseScriptingObjects (0ms)
			CreateAndSetChildDomain (41ms)
		EndReloadAssembly (876ms)
			LoadAssemblies (83ms)
			RebuildTransferFunctionScriptingTraits (0ms)
			SetupTypeCache (270ms)
			ReleaseScriptCaches (1ms)
			RebuildScriptCaches (34ms)
			SetupLoadedEditorAssemblies (355ms)
				LogAssemblyErrors (0ms)
				InitializePlatformSupportModulesInManaged (5ms)
				SetLoadedEditorAssemblies (0ms)
				RefreshPlugins (1ms)
				BeforeProcessingInitializeOnLoad (83ms)
				ProcessInitializeOnLoadAttributes (245ms)
				ProcessInitializeOnLoadMethodAttributes (12ms)
				AfterProcessingInitializeOnLoad (7ms)
				EditorAssembliesLoaded (0ms)
			ExecutionOrderSort2 (0ms)
			AwakeInstancesAfterBackupRestoration (11ms)
Platform modules already initialized, skipping
Refreshing native plugins compatible for Editor in 0.97 ms, found 10 plugins.
Preloading 1 native plugins for Editor in 0.09 ms.
Unloading 3647 Unused Serialized files (Serialized files now loaded: 0)
System memory in use before: 160.1 MB.
System memory in use after: 160.4 MB.

Unloading 32 unused Assets to reduce memory usage. Loaded Objects now: 4284.
Total: 5.888200 ms (FindLiveObjects: 0.651400 ms CreateObjectMapping: 0.317400 ms MarkObjects: 4.871700 ms  DeleteObjects: 0.045900 ms)

AssetImportParameters requested are different than current active one (requested -> active):
  custom:framework-win-MediaFoundation: 216162199b28c13a410421893ffa2e32 -> 
  custom:video-decoder-ogg-theora: a1e56fd34408186e4bbccfd4996cb3dc -> 
  custom:container-muxer-webm: aa71ff27fc2769a1b78a27578f13a17b -> 
  custom:container-demuxer-webm: 4f35f7cbe854078d1ac9338744f61a02 -> 
  custom:container-demuxer-ogg: 62fdf1f143b41e24485cea50d1cbac27 -> 
  custom:video-encoder-webm-vp8: eb34c28f22e8b96e1ab97ce403110664 -> 
  custom:video-codec-MediaFoundation-h265: 746d11721c4dcdbdad8f713fa42b33f4 -> 
  custom:video-decoder-webm-vp8: 9c59270c3fd7afecdb556c50c9e8de78 -> 
  custom:audio-decoder-ogg-vorbis: bf7c407c2cedff20999df2af8eb42d56 -> 
  custom:audio-encoder-webm-vorbis: bf7c407c2cedff20999df2af8eb42d56 -> 
========================================================================
Received Import Request.
  Time since last request: 103.538014 seconds.
  path: Assets/Fraktale/CheckPlayer.cs
  artifactKey: Guid(7c805fcd59c41444ab8c1518cb9b607f) Importer(815301076,1909f56bfc062723c751e8b465ee728b)
Start importing Assets/Fraktale/CheckPlayer.cs using Guid(7c805fcd59c41444ab8c1518cb9b607f) Importer(815301076,1909f56bfc062723c751e8b465ee728b)  -> (artifact id: '9d723a56efb0ba586aebabaf2242436d') in 0.017365 seconds 
  Import took 0.023737 seconds .

========================================================================
Received Import Request.
  Time since last request: 2121.244903 seconds.
  path: Assets/Fraktale/Juliamenge/JuliaSet.prefab
  artifactKey: Guid(dabee3b7cd5897b499275ea3a767e48b) Importer(815301076,1909f56bfc062723c751e8b465ee728b)
Start importing Assets/Fraktale/Juliamenge/JuliaSet.prefab using Guid(dabee3b7cd5897b499275ea3a767e48b) Importer(815301076,1909f56bfc062723c751e8b465ee728b)  -> (artifact id: '779ec493b1212237bb41a70515756231') in 0.246580 seconds 
  Import took 0.259241 seconds .

========================================================================
Received Prepare
Registering precompiled user dll's ...
Registered in 0.009262 seconds.
Begin MonoManager ReloadAssembly
Native extension for WindowsStandalone target not found
Native extension for WebGL target not found
Refreshing native plugins compatible for Editor in 1.18 ms, found 10 plugins.
Preloading 1 native plugins for Editor in 0.14 ms.
System.Reflection.TargetInvocationException: Exception has been thrown by the target of an invocation. ---> System.NullReferenceException: Object reference not set to an instance of an object
  at Unity.XR.Oculus.OculusLoader.AssetPathToAbsolutePath (System.String assetPath) [0x00048] in C:\Users\mochs\Projects Git\VRFraktale\Library\PackageCache\com.unity.xr.oculus@1.10.0\Runtime\OculusLoader.cs:250 
  at Unity.XR.Oculus.OculusLoader.EditorLoadOVRPlugin () [0x0007b] in C:\Users\mochs\Projects Git\VRFraktale\Library\PackageCache\com.unity.xr.oculus@1.10.0\Runtime\OculusLoader.cs:235 
  at (wrapper managed-to-native) System.Reflection.MonoMethod.InternalInvoke(System.Reflection.MonoMethod,object,object[],System.Exception&)
  at System.Reflection.MonoMethod.Invoke (System.Object obj, System.Reflection.BindingFlags invokeAttr, System.Reflection.Binder binder, System.Object[] parameters, System.Globalization.CultureInfo culture) [0x00032] in <695d1cc93cca45069c528c15c9fdd749>:0 
   --- End of inner exception stack trace ---
  at System.Reflection.MonoMethod.Invoke (System.Object obj, System.Reflection.BindingFlags invokeAttr, System.Reflection.Binder binder, System.Object[] parameters, System.Globalization.CultureInfo culture) [0x00048] in <695d1cc93cca45069c528c15c9fdd749>:0 
  at System.Reflection.MethodBase.Invoke (System.Object obj, System.Object[] parameters) [0x00000] in <695d1cc93cca45069c528c15c9fdd749>:0 
  at UnityEditor.EditorAssemblies.ProcessInitializeOnLoadMethodAttributes () [0x00047] in <97ba64834c8f4edc84e3d8e30b04f122>:0 
UnityEngine.StackTraceUtility:ExtractStackTrace ()
UnityEngine.DebugLogHandler:LogFormat (UnityEngine.LogType,UnityEngine.Object,string,object[])
UnityEngine.Logger:Log (UnityEngine.LogType,object)
UnityEngine.Debug:LogError (object)
UnityEditor.EditorAssemblies:ProcessInitializeOnLoadMethodAttributes ()

Mono: successfully reloaded assembly
- Completed reload, in  1.435 seconds
Domain Reload Profiling:
	ReloadAssembly (1436ms)
		BeginReloadAssembly (229ms)
			ExecutionOrderSort (0ms)
			DisableScriptedObjects (10ms)
			BackupInstance (0ms)
			ReleaseScriptingObjects (0ms)
			CreateAndSetChildDomain (126ms)
		EndReloadAssembly (1141ms)
			LoadAssemblies (120ms)
			RebuildTransferFunctionScriptingTraits (0ms)
			SetupTypeCache (361ms)
			ReleaseScriptCaches (2ms)
			RebuildScriptCaches (45ms)
			SetupLoadedEditorAssemblies (446ms)
				LogAssemblyErrors (0ms)
				InitializePlatformSupportModulesInManaged (6ms)
				SetLoadedEditorAssemblies (0ms)
				RefreshPlugins (1ms)
				BeforeProcessingInitializeOnLoad (108ms)
				ProcessInitializeOnLoadAttributes (309ms)
				ProcessInitializeOnLoadMethodAttributes (14ms)
				AfterProcessingInitializeOnLoad (7ms)
				EditorAssembliesLoaded (1ms)
			ExecutionOrderSort2 (0ms)
			AwakeInstancesAfterBackupRestoration (16ms)
Platform modules already initialized, skipping
Refreshing native plugins compatible for Editor in 1.11 ms, found 10 plugins.
Preloading 1 native plugins for Editor in 0.11 ms.
Unloading 3647 Unused Serialized files (Serialized files now loaded: 0)
System memory in use before: 160.1 MB.
System memory in use after: 160.3 MB.

Unloading 35 unused Assets to reduce memory usage. Loaded Objects now: 4325.
Total: 8.703700 ms (FindLiveObjects: 0.660700 ms CreateObjectMapping: 0.407700 ms MarkObjects: 7.550600 ms  DeleteObjects: 0.082700 ms)

AssetImportParameters requested are different than current active one (requested -> active):
  custom:framework-win-MediaFoundation: 216162199b28c13a410421893ffa2e32 -> 
  custom:video-decoder-ogg-theora: a1e56fd34408186e4bbccfd4996cb3dc -> 
  custom:container-muxer-webm: aa71ff27fc2769a1b78a27578f13a17b -> 
  custom:container-demuxer-webm: 4f35f7cbe854078d1ac9338744f61a02 -> 
  custom:container-demuxer-ogg: 62fdf1f143b41e24485cea50d1cbac27 -> 
  custom:video-encoder-webm-vp8: eb34c28f22e8b96e1ab97ce403110664 -> 
  custom:video-codec-MediaFoundation-h265: 746d11721c4dcdbdad8f713fa42b33f4 -> 
  custom:video-decoder-webm-vp8: 9c59270c3fd7afecdb556c50c9e8de78 -> 
  custom:audio-decoder-ogg-vorbis: bf7c407c2cedff20999df2af8eb42d56 -> 
  custom:audio-encoder-webm-vorbis: bf7c407c2cedff20999df2af8eb42d56 -> 
========================================================================
Received Import Request.
  Time since last request: 584.635972 seconds.
  path: Assets/Material
  artifactKey: Guid(1ab63ac61e464b8498f9abb3f93fd33a) Importer(815301076,1909f56bfc062723c751e8b465ee728b)
Start importing Assets/Material using Guid(1ab63ac61e464b8498f9abb3f93fd33a) Importer(815301076,1909f56bfc062723c751e8b465ee728b)  -> (artifact id: 'd794491c43e9325e441c1a4d540119c4') in 0.015160 seconds 
  Import took 0.022712 seconds .

========================================================================
Received Import Request.
  Time since last request: 0.050008 seconds.
  path: Assets/Material/Bilderrahmen.mat
  artifactKey: Guid(323cd2e05da05c44baf479f567b4f110) Importer(815301076,1909f56bfc062723c751e8b465ee728b)
Start importing Assets/Material/Bilderrahmen.mat using Guid(323cd2e05da05c44baf479f567b4f110) Importer(815301076,1909f56bfc062723c751e8b465ee728b)  -> (artifact id: '36f6b3dc340738ae0673089db489ef42') in 0.228220 seconds 
  Import took 0.234306 seconds .

========================================================================
Received Import Request.
  Time since last request: 0.000202 seconds.
  path: Assets/Material/Seitens채ule.mat
  artifactKey: Guid(33806087d846a2645a3e35a59a8aa8bf) Importer(815301076,1909f56bfc062723c751e8b465ee728b)
Start importing Assets/Material/Seitens채ule.mat using Guid(33806087d846a2645a3e35a59a8aa8bf) Importer(815301076,1909f56bfc062723c751e8b465ee728b)  -> (artifact id: '4c6091c0a588fa81ab00bee1db672727') in 0.033802 seconds 
  Import took 0.040417 seconds .

========================================================================
Received Import Request.
  Time since last request: 0.000324 seconds.
  path: Assets/Material/grey_plaster_ao_2k.jpg
  artifactKey: Guid(37600d668857a1042bc18f229e3b77f8) Importer(815301076,1909f56bfc062723c751e8b465ee728b)
Start importing Assets/Material/grey_plaster_ao_2k.jpg using Guid(37600d668857a1042bc18f229e3b77f8) Importer(815301076,1909f56bfc062723c751e8b465ee728b)  -> (artifact id: '7b5d3ca29c5d3c4dd5ef04cb1ee2be5c') in 0.055841 seconds 
  Import took 0.064177 seconds .

========================================================================
Received Import Request.
  Time since last request: 0.000240 seconds.
  path: Assets/Material/grey_plaster_nor_gl_2k.jpg
  artifactKey: Guid(0511690a97a5840429190f4eaefbf3c1) Importer(815301076,1909f56bfc062723c751e8b465ee728b)
Start importing Assets/Material/grey_plaster_nor_gl_2k.jpg using Guid(0511690a97a5840429190f4eaefbf3c1) Importer(815301076,1909f56bfc062723c751e8b465ee728b)  -> (artifact id: '6923549d067d2a9a11d065fa40295d39') in 0.020228 seconds 
  Import took 0.027113 seconds .

========================================================================
Received Import Request.
  Time since last request: 0.000201 seconds.
  path: Assets/Material/floor_tiles_02_nor_gl_2k.jpg
  artifactKey: Guid(fedde27d124a07d4a98e9ea032d9f87e) Importer(815301076,1909f56bfc062723c751e8b465ee728b)
Start importing Assets/Material/floor_tiles_02_nor_gl_2k.jpg using Guid(fedde27d124a07d4a98e9ea032d9f87e) Importer(815301076,1909f56bfc062723c751e8b465ee728b)  -> (artifact id: '64cd802327855c1463647002e98df88c') in 0.020671 seconds 
  Import took 0.026791 seconds .

========================================================================
Received Import Request.
  Time since last request: 0.000255 seconds.
  path: Assets/Material/Wand.mat
  artifactKey: Guid(2294622836dfbc94cbe9c47b0d1c903b) Importer(815301076,1909f56bfc062723c751e8b465ee728b)
Start importing Assets/Material/Wand.mat using Guid(2294622836dfbc94cbe9c47b0d1c903b) Importer(815301076,1909f56bfc062723c751e8b465ee728b)  -> (artifact id: 'fd854db328aacb9834a6d130a845c7f0') in 0.016060 seconds 
  Import took 0.023509 seconds .

========================================================================
Received Import Request.
  Time since last request: 0.000311 seconds.
  path: Assets/Material/S채ule.mat
  artifactKey: Guid(e8cdbe8b3f853b343803c8ec761ddaf1) Importer(815301076,1909f56bfc062723c751e8b465ee728b)
Start importing Assets/Material/S채ule.mat using Guid(e8cdbe8b3f853b343803c8ec761ddaf1) Importer(815301076,1909f56bfc062723c751e8b465ee728b)  -> (artifact id: 'd3f0381bc548e88e82baec109b4ea4fd') in 0.019715 seconds 
  Import took 0.027254 seconds .

========================================================================
Received Import Request.
  Time since last request: 0.000365 seconds.
  path: Assets/Material/square_floor_nor_gl_2k.jpg
  artifactKey: Guid(d59ce2987434b8944a4cb9cc1deac65d) Importer(815301076,1909f56bfc062723c751e8b465ee728b)
Start importing Assets/Material/square_floor_nor_gl_2k.jpg using Guid(d59ce2987434b8944a4cb9cc1deac65d) Importer(815301076,1909f56bfc062723c751e8b465ee728b)  -> (artifact id: 'ecb99d173f5b92cd6008a95da9976bdf') in 0.023058 seconds 
  Import took 0.030542 seconds .

========================================================================
Received Import Request.
  Time since last request: 0.000312 seconds.
  path: Assets/Material/floor_tiles_02_diff_2k.jpg
  artifactKey: Guid(165cf013d44764944aac8dd12cf6dd71) Importer(815301076,1909f56bfc062723c751e8b465ee728b)
Start importing Assets/Material/floor_tiles_02_diff_2k.jpg using Guid(165cf013d44764944aac8dd12cf6dd71) Importer(815301076,1909f56bfc062723c751e8b465ee728b)  -> (artifact id: '84c1ec2819b026fe3c3d9c85b17c953b') in 0.016456 seconds 
  Import took 0.023536 seconds .

========================================================================
Received Import Request.
  Time since last request: 0.000164 seconds.
  path: Assets/Material/Unterteil.mat
  artifactKey: Guid(72799bf21124e1a4bbd2979c10d1256a) Importer(815301076,1909f56bfc062723c751e8b465ee728b)
Start importing Assets/Material/Unterteil.mat using Guid(72799bf21124e1a4bbd2979c10d1256a) Importer(815301076,1909f56bfc062723c751e8b465ee728b)  -> (artifact id: '7e02100ef20c4252e45166abd0d3e919') in 0.029240 seconds 
  Import took 0.035529 seconds .

========================================================================
Received Import Request.
  Time since last request: 0.000289 seconds.
  path: Assets/Material/Leinwand.mat
  artifactKey: Guid(18ac3b6213048874cbe22e5aa98765b6) Importer(815301076,1909f56bfc062723c751e8b465ee728b)
Start importing Assets/Material/Leinwand.mat using Guid(18ac3b6213048874cbe22e5aa98765b6) Importer(815301076,1909f56bfc062723c751e8b465ee728b)  -> (artifact id: '5e539803c431afbbc30d644ad814e411') in 0.018289 seconds 
  Import took 0.025556 seconds .

========================================================================
Received Import Request.
  Time since last request: 0.000168 seconds.
  path: Assets/Material/Boden.mat
  artifactKey: Guid(2c7f99babc9ea6247aae7dc26c63d9a1) Importer(815301076,1909f56bfc062723c751e8b465ee728b)
Start importing Assets/Material/Boden.mat using Guid(2c7f99babc9ea6247aae7dc26c63d9a1) Importer(815301076,1909f56bfc062723c751e8b465ee728b)  -> (artifact id: 'ebef64159c94eb7b16603e3f4706ea00') in 0.024196 seconds 
  Import took 0.030147 seconds .

========================================================================
Received Import Request.
  Time since last request: 0.000181 seconds.
  path: Assets/Material/white_plaster_02_nor_gl_2k.jpg
  artifactKey: Guid(a21b0b404b6765e479eb40eeb0da146e) Importer(815301076,1909f56bfc062723c751e8b465ee728b)
Start importing Assets/Material/white_plaster_02_nor_gl_2k.jpg using Guid(a21b0b404b6765e479eb40eeb0da146e) Importer(815301076,1909f56bfc062723c751e8b465ee728b)  -> (artifact id: '385ef43842e0ade89563b86197cf64db') in 0.017946 seconds 
  Import took 0.024973 seconds .

========================================================================
Received Import Request.
  Time since last request: 0.000322 seconds.
  path: Assets/Material/Decke.mat
  artifactKey: Guid(26ba28c105a323d4099f9178b70fd5d4) Importer(815301076,1909f56bfc062723c751e8b465ee728b)
Start importing Assets/Material/Decke.mat using Guid(26ba28c105a323d4099f9178b70fd5d4) Importer(815301076,1909f56bfc062723c751e8b465ee728b)  -> (artifact id: '1bea07921899b847e588643021f569a7') in 0.017361 seconds 
  Import took 0.026650 seconds .

========================================================================
Received Import Request.
  Time since last request: 2.651681 seconds.
  path: Assets/Materials
  artifactKey: Guid(d0234ba368eeec9418390da711bfdad0) Importer(815301076,1909f56bfc062723c751e8b465ee728b)
Start importing Assets/Materials using Guid(d0234ba368eeec9418390da711bfdad0) Importer(815301076,1909f56bfc062723c751e8b465ee728b)  -> (artifact id: 'dd1fccef896d48891410691dfde716e5') in 0.008108 seconds 
  Import took 0.014677 seconds .

========================================================================
Received Import Request.
  Time since last request: 0.068365 seconds.
  path: Assets/Materials/Skybox_Mat.mat
  artifactKey: Guid(0ffaa0b7117ba8c47a9d05ae701d4b4d) Importer(815301076,1909f56bfc062723c751e8b465ee728b)
Start importing Assets/Materials/Skybox_Mat.mat using Guid(0ffaa0b7117ba8c47a9d05ae701d4b4d) Importer(815301076,1909f56bfc062723c751e8b465ee728b)  -> (artifact id: '4d54ab3375f41efad00566dcae11def2') in 0.035593 seconds 
  Import took 0.042186 seconds .

AssetImportWorkerClient::OnTransportError - code=2 error=End of file
